
> antd-storybook-demo@0.0.0 build-storybook
> storybook build --output-dir=/var/folders/r2/sp2qd93n3n12m0nt2q830h2c0000gn/T/chromatic--29464-NpJQakYeMbHa

[1mstorybook v9.1.10
[22m
info => Cleaning outputDir: [36m../../../../var/folders/r2/sp2qd93n3n12m0nt2q830h2c0000gn/T/chromatic--29464-NpJQakYeMbHa[39m
info => Loading presets
info => Building manager..
info => Building preview..
info Using tsconfig paths for react-docgen
[36mvite v7.1.8 [32mbuilding for production...[36m[39m
transforming...
[32m✓[39m 3095 modules transformed.
rendering chunks...
computing gzip size...
[2m../../../../var/folders/r2/sp2qd93n3n12m0nt2q830h2c0000gn/T/chromatic--29464-NpJQakYeMbHa/[22m[32miframe.html                               [39m[1m[2m   18.08 kB[22m[1m[22m[2m │ gzip:   5.12 kB[22m
[2m../../../../var/folders/r2/sp2qd93n3n12m0nt2q830h2c0000gn/T/chromatic--29464-NpJQakYeMbHa/[22m[2massets/[22m[36mLink-BAIhlPKH.js                   [39m[1m[2m    0.19 kB[22m[1m[22m[2m │ gzip:   0.18 kB[22m
[2m../../../../var/folders/r2/sp2qd93n3n12m0nt2q830h2c0000gn/T/chromatic--29464-NpJQakYeMbHa/[22m[2massets/[22m[36mText-BgtKAy2R.js                   [39m[1m[2m    0.19 kB[22m[1m[22m[2m │ gzip:   0.18 kB[22m
[2m../../../../var/folders/r2/sp2qd93n3n12m0nt2q830h2c0000gn/T/chromatic--29464-NpJQakYeMbHa/[22m[2massets/[22m[36mButton-BpeCDrt0.js                 [39m[1m[2m    0.32 kB[22m[1m[22m[2m │ gzip:   0.23 kB[22m
[2m../../../../var/folders/r2/sp2qd93n3n12m0nt2q830h2c0000gn/T/chromatic--29464-NpJQakYeMbHa/[22m[2massets/[22m[36mKeyCode-lh1qUinJ.js                [39m[1m[2m    0.33 kB[22m[1m[22m[2m │ gzip:   0.26 kB[22m
[2m../../../../var/folders/r2/sp2qd93n3n12m0nt2q830h2c0000gn/T/chromatic--29464-NpJQakYeMbHa/[22m[2massets/[22m[36mstyleChecker-BGEFMYbn.js           [39m[1m[2m    0.42 kB[22m[1m[22m[2m │ gzip:   0.26 kB[22m
[2m../../../../var/folders/r2/sp2qd93n3n12m0nt2q830h2c0000gn/T/chromatic--29464-NpJQakYeMbHa/[22m[2massets/[22m[36mindex-7nCZaqfX.js                  [39m[1m[2m    0.46 kB[22m[1m[22m[2m │ gzip:   0.30 kB[22m
[2m../../../../var/folders/r2/sp2qd93n3n12m0nt2q830h2c0000gn/T/chromatic--29464-NpJQakYeMbHa/[22m[2massets/[22m[36mCheckOutlined-DBLm8sti.js          [39m[1m[2m    0.51 kB[22m[1m[22m[2m │ gzip:   0.39 kB[22m
[2m../../../../var/folders/r2/sp2qd93n3n12m0nt2q830h2c0000gn/T/chromatic--29464-NpJQakYeMbHa/[22m[2massets/[22m[36mRangePicker-aVVqr-d_.js            [39m[1m[2m    0.56 kB[22m[1m[22m[2m │ gzip:   0.37 kB[22m
[2m../../../../var/folders/r2/sp2qd93n3n12m0nt2q830h2c0000gn/T/chromatic--29464-NpJQakYeMbHa/[22m[2massets/[22m[36mSelect-Bl6oyWUM.js                 [39m[1m[2m    0.60 kB[22m[1m[22m[2m │ gzip:   0.34 kB[22m
[2m../../../../var/folders/r2/sp2qd93n3n12m0nt2q830h2c0000gn/T/chromatic--29464-NpJQakYeMbHa/[22m[2massets/[22m[36mForm-BjVRlR-C.js                   [39m[1m[2m    0.62 kB[22m[1m[22m[2m │ gzip:   0.34 kB[22m
[2m../../../../var/folders/r2/sp2qd93n3n12m0nt2q830h2c0000gn/T/chromatic--29464-NpJQakYeMbHa/[22m[2massets/[22m[36mLink.stories-CLqnbe7P.js           [39m[1m[2m    0.82 kB[22m[1m[22m[2m │ gzip:   0.49 kB[22m
[2m../../../../var/folders/r2/sp2qd93n3n12m0nt2q830h2c0000gn/T/chromatic--29464-NpJQakYeMbHa/[22m[2massets/[22m[36mpreload-helper-PPVm8Dsz.js         [39m[1m[2m    1.23 kB[22m[1m[22m[2m │ gzip:   0.71 kB[22m
[2m../../../../var/folders/r2/sp2qd93n3n12m0nt2q830h2c0000gn/T/chromatic--29464-NpJQakYeMbHa/[22m[2massets/[22m[36mTitle.stories-Cl10i6kv.js          [39m[1m[2m    1.91 kB[22m[1m[22m[2m │ gzip:   0.71 kB[22m
[2m../../../../var/folders/r2/sp2qd93n3n12m0nt2q830h2c0000gn/T/chromatic--29464-NpJQakYeMbHa/[22m[2massets/[22m[36museVariants-BBH1YuKB.js            [39m[1m[2m    1.96 kB[22m[1m[22m[2m │ gzip:   1.04 kB[22m
[2m../../../../var/folders/r2/sp2qd93n3n12m0nt2q830h2c0000gn/T/chromatic--29464-NpJQakYeMbHa/[22m[2massets/[22m[36mInput.stories-CjmVxN3A.js          [39m[1m[2m    2.25 kB[22m[1m[22m[2m │ gzip:   0.80 kB[22m
[2m../../../../var/folders/r2/sp2qd93n3n12m0nt2q830h2c0000gn/T/chromatic--29464-NpJQakYeMbHa/[22m[2massets/[22m[36mDatePicker.stories-2Yq_myoD.js     [39m[1m[2m    2.29 kB[22m[1m[22m[2m │ gzip:   0.94 kB[22m
[2m../../../../var/folders/r2/sp2qd93n3n12m0nt2q830h2c0000gn/T/chromatic--29464-NpJQakYeMbHa/[22m[2massets/[22m[36mRangePicker.stories-eo5AJib2.js    [39m[1m[2m    2.33 kB[22m[1m[22m[2m │ gzip:   0.84 kB[22m
[2m../../../../var/folders/r2/sp2qd93n3n12m0nt2q830h2c0000gn/T/chromatic--29464-NpJQakYeMbHa/[22m[2massets/[22m[36mText.stories-BAg_9w4W.js           [39m[1m[2m    3.19 kB[22m[1m[22m[2m │ gzip:   1.05 kB[22m
[2m../../../../var/folders/r2/sp2qd93n3n12m0nt2q830h2c0000gn/T/chromatic--29464-NpJQakYeMbHa/[22m[2massets/[22m[36mSelect.stories-Ct6CmBzR.js         [39m[1m[2m    3.73 kB[22m[1m[22m[2m │ gzip:   1.10 kB[22m
[2m../../../../var/folders/r2/sp2qd93n3n12m0nt2q830h2c0000gn/T/chromatic--29464-NpJQakYeMbHa/[22m[2massets/[22m[36mQueryForm.stories-BSWvas6g.js      [39m[1m[2m    3.87 kB[22m[1m[22m[2m │ gzip:   1.37 kB[22m
[2m../../../../var/folders/r2/sp2qd93n3n12m0nt2q830h2c0000gn/T/chromatic--29464-NpJQakYeMbHa/[22m[2massets/[22m[36mCardWithTabs.stories-D1_87tN6.js   [39m[1m[2m    6.03 kB[22m[1m[22m[2m │ gzip:   2.37 kB[22m
[2m../../../../var/folders/r2/sp2qd93n3n12m0nt2q830h2c0000gn/T/chromatic--29464-NpJQakYeMbHa/[22m[2massets/[22m[36mResultTable.stories-CZB7JXYI.js    [39m[1m[2m    6.31 kB[22m[1m[22m[2m │ gzip:   2.43 kB[22m
[2m../../../../var/folders/r2/sp2qd93n3n12m0nt2q830h2c0000gn/T/chromatic--29464-NpJQakYeMbHa/[22m[2massets/[22m[36mInput-BUFq4GiE.js                  [39m[1m[2m    6.67 kB[22m[1m[22m[2m │ gzip:   2.71 kB[22m
[2m../../../../var/folders/r2/sp2qd93n3n12m0nt2q830h2c0000gn/T/chromatic--29464-NpJQakYeMbHa/[22m[2massets/[22m[36mButton.stories-DEGvkgzG.js         [39m[1m[2m    7.24 kB[22m[1m[22m[2m │ gzip:   2.44 kB[22m
[2m../../../../var/folders/r2/sp2qd93n3n12m0nt2q830h2c0000gn/T/chromatic--29464-NpJQakYeMbHa/[22m[2massets/[22m[36museForm-BxmamrNL.js                [39m[1m[2m   10.59 kB[22m[1m[22m[2m │ gzip:   4.85 kB[22m
[2m../../../../var/folders/r2/sp2qd93n3n12m0nt2q830h2c0000gn/T/chromatic--29464-NpJQakYeMbHa/[22m[2massets/[22m[36mInput-DoFetqMM.js                  [39m[1m[2m   11.95 kB[22m[1m[22m[2m │ gzip:   4.87 kB[22m
[2m../../../../var/folders/r2/sp2qd93n3n12m0nt2q830h2c0000gn/T/chromatic--29464-NpJQakYeMbHa/[22m[2massets/[22m[36mTextArea-bpxHdkJU.js               [39m[1m[2m   14.95 kB[22m[1m[22m[2m │ gzip:   5.78 kB[22m
[2m../../../../var/folders/r2/sp2qd93n3n12m0nt2q830h2c0000gn/T/chromatic--29464-NpJQakYeMbHa/[22m[2massets/[22m[36museIcons-CcypnRjG.js               [39m[1m[2m   16.67 kB[22m[1m[22m[2m │ gzip:   5.83 kB[22m
[2m../../../../var/folders/r2/sp2qd93n3n12m0nt2q830h2c0000gn/T/chromatic--29464-NpJQakYeMbHa/[22m[2massets/[22m[36mindex-D8cK7aA-.js                  [39m[1m[2m   18.26 kB[22m[1m[22m[2m │ gzip:   4.04 kB[22m
[2m../../../../var/folders/r2/sp2qd93n3n12m0nt2q830h2c0000gn/T/chromatic--29464-NpJQakYeMbHa/[22m[2massets/[22m[36mindex-Crl_E4cy.js                  [39m[1m[2m   22.43 kB[22m[1m[22m[2m │ gzip:   8.48 kB[22m
[2m../../../../var/folders/r2/sp2qd93n3n12m0nt2q830h2c0000gn/T/chromatic--29464-NpJQakYeMbHa/[22m[2massets/[22m[36mbutton-DNZM8STm.js                 [39m[1m[2m   24.95 kB[22m[1m[22m[2m │ gzip:   8.18 kB[22m
[2m../../../../var/folders/r2/sp2qd93n3n12m0nt2q830h2c0000gn/T/chromatic--29464-NpJQakYeMbHa/[22m[36mvite-inject-mocker-entry.js               [39m[1m[2m   28.76 kB[22m[1m[22m[2m │ gzip:  10.00 kB[22m
[2m../../../../var/folders/r2/sp2qd93n3n12m0nt2q830h2c0000gn/T/chromatic--29464-NpJQakYeMbHa/[22m[2massets/[22m[36mColor-AVL7NMMY-AEZfH_6O.js         [39m[1m[2m   29.17 kB[22m[1m[22m[2m │ gzip:  11.03 kB[22m
[2m../../../../var/folders/r2/sp2qd93n3n12m0nt2q830h2c0000gn/T/chromatic--29464-NpJQakYeMbHa/[22m[2massets/[22m[36mindex-IixqvaDB.js                  [39m[1m[2m   30.54 kB[22m[1m[22m[2m │ gzip:  10.58 kB[22m
[2m../../../../var/folders/r2/sp2qd93n3n12m0nt2q830h2c0000gn/T/chromatic--29464-NpJQakYeMbHa/[22m[2massets/[22m[36mindex-CXxFoKU0.js                  [39m[1m[2m   77.27 kB[22m[1m[22m[2m │ gzip:  26.46 kB[22m
[2m../../../../var/folders/r2/sp2qd93n3n12m0nt2q830h2c0000gn/T/chromatic--29464-NpJQakYeMbHa/[22m[2massets/[22m[36mCard-DIb2iz9Q.js                   [39m[1m[2m   97.44 kB[22m[1m[22m[2m │ gzip:  30.45 kB[22m
[2m../../../../var/folders/r2/sp2qd93n3n12m0nt2q830h2c0000gn/T/chromatic--29464-NpJQakYeMbHa/[22m[2massets/[22m[36mindex-BUQQAWI2.js                  [39m[1m[2m  106.74 kB[22m[1m[22m[2m │ gzip:  34.65 kB[22m
[2m../../../../var/folders/r2/sp2qd93n3n12m0nt2q830h2c0000gn/T/chromatic--29464-NpJQakYeMbHa/[22m[2massets/[22m[36mindex-nLhqt859.js                  [39m[1m[2m  129.35 kB[22m[1m[22m[2m │ gzip:  43.84 kB[22m
[2m../../../../var/folders/r2/sp2qd93n3n12m0nt2q830h2c0000gn/T/chromatic--29464-NpJQakYeMbHa/[22m[2massets/[22m[36mreact-18-Dg8XjzO-.js               [39m[1m[2m  181.72 kB[22m[1m[22m[2m │ gzip:  57.20 kB[22m
[2m../../../../var/folders/r2/sp2qd93n3n12m0nt2q830h2c0000gn/T/chromatic--29464-NpJQakYeMbHa/[22m[2massets/[22m[36mTable-DqqM9lRO.js                  [39m[1m[2m  226.23 kB[22m[1m[22m[2m │ gzip:  69.55 kB[22m
[2m../../../../var/folders/r2/sp2qd93n3n12m0nt2q830h2c0000gn/T/chromatic--29464-NpJQakYeMbHa/[22m[2massets/[22m[36mDocsRenderer-PQXLIZUC-Cf3p2jGq.js  [39m[1m[33m  657.90 kB[39m[22m[2m │ gzip: 216.88 kB[22m
[2m../../../../var/folders/r2/sp2qd93n3n12m0nt2q830h2c0000gn/T/chromatic--29464-NpJQakYeMbHa/[22m[2massets/[22m[36miframe-DtkH3giZ.js                 [39m[1m[33m1,337.34 kB[39m[22m[2m │ gzip: 379.81 kB[22m
[32m✓ built in 3.48s[39m
info => Output directory: /var/folders/r2/sp2qd93n3n12m0nt2q830h2c0000gn/T/chromatic--29464-NpJQakYeMbHa
